[04:31:34] [main/INFO]: Loading Minecraft 1.20.1 with Fabric Loader 0.16.3
[04:31:34] [main/INFO]: Loading 4 mods:
	- fabricloader 0.16.3
	   \-- mixinextras 0.4.1
	- java 17
	- minecraft 1.20.1
[04:31:34] [main/INFO]: SpongePowered MIXIN Subsystem Version=0.8.7 Source=file:/workspaces/SERVER-MSX/servidor_minecraft/libraries/net/fabricmc/sponge-mixin/0.15.2+mixin.0.8.7/sponge-mixin-0.15.2+mixin.0.8.7.jar Service=Knot/Fabric Env=SERVER
[04:31:49] [main/INFO]: Environment: authHost='https://authserver.mojang.com', accountsHost='https://api.mojang.com', sessionHost='https://sessionserver.mojang.com', servicesHost='https://api.minecraftservices.com', name='PROD'
[04:31:55] [main/INFO]: Loaded 7 recipes
[04:31:55] [main/INFO]: Loaded 1271 advancements
[04:31:57] [Server thread/INFO]: Starting minecraft server version 1.20.1
[04:31:57] [Server thread/INFO]: Loading properties
[04:31:57] [Server thread/INFO]: Default game type: SURVIVAL
[04:31:57] [Server thread/INFO]: Generating keypair
[04:31:57] [Server thread/INFO]: Starting Minecraft server on *:25565
[04:31:57] [Server thread/INFO]: Using epoll channel type
[04:31:57] [Server thread/WARN]: **** SERVER IS RUNNING IN OFFLINE/INSECURE MODE!
[04:31:57] [Server thread/WARN]: The server will make no attempt to authenticate usernames. Beware.
[04:31:57] [Server thread/WARN]: While this makes the game possible to play without internet access, it also opens up the ability for hackers to connect with any username they choose.
[04:31:57] [Server thread/WARN]: To change this, set "online-mode" to "true" in the server.properties file.
[04:31:57] [Server thread/INFO]: Preparing level "world"
[04:32:15] [Server thread/INFO]: Preparing start region for dimension minecraft:overworld
[04:32:18] [Worker-Main-1/INFO]: Preparing spawn area: 0%
[04:32:18] [Worker-Main-1/INFO]: Preparing spawn area: 0%
[04:32:18] [Worker-Main-1/INFO]: Preparing spawn area: 0%
[04:32:18] [Worker-Main-1/INFO]: Preparing spawn area: 0%
[04:32:18] [Worker-Main-1/INFO]: Preparing spawn area: 0%
[04:32:18] [Worker-Main-1/INFO]: Preparing spawn area: 0%
[04:32:18] [Worker-Main-1/INFO]: Preparing spawn area: 0%
[04:32:18] [Worker-Main-1/INFO]: Preparing spawn area: 0%
[04:32:19] [Worker-Main-1/INFO]: Preparing spawn area: 0%
[04:32:19] [Worker-Main-1/INFO]: Preparing spawn area: 0%
[04:32:20] [Worker-Main-1/INFO]: Preparing spawn area: 0%
[04:32:20] [Worker-Main-1/INFO]: Preparing spawn area: 0%
[04:32:21] [Worker-Main-1/INFO]: Preparing spawn area: 0%
[04:32:21] [Worker-Main-1/INFO]: Preparing spawn area: 0%
[04:32:22] [Worker-Main-1/INFO]: Preparing spawn area: 0%
[04:32:22] [Worker-Main-1/INFO]: Preparing spawn area: 0%
[04:32:23] [Worker-Main-1/INFO]: Preparing spawn area: 0%
[04:32:23] [Worker-Main-1/INFO]: Preparing spawn area: 0%
[04:32:24] [Worker-Main-1/INFO]: Preparing spawn area: 0%
[04:32:24] [Worker-Main-1/INFO]: Preparing spawn area: 0%
[04:32:25] [Worker-Main-1/INFO]: Preparing spawn area: 0%
[04:32:25] [Worker-Main-1/INFO]: Preparing spawn area: 0%
[04:32:26] [Worker-Main-1/INFO]: Preparing spawn area: 0%
[04:32:26] [Worker-Main-1/INFO]: Preparing spawn area: 0%
[04:32:27] [Worker-Main-1/INFO]: Preparing spawn area: 0%
[04:32:27] [Worker-Main-1/INFO]: Preparing spawn area: 0%
[04:32:28] [Worker-Main-1/INFO]: Preparing spawn area: 0%
[04:32:28] [Worker-Main-1/INFO]: Preparing spawn area: 0%
[04:32:29] [Worker-Main-1/INFO]: Preparing spawn area: 0%
[04:32:29] [Worker-Main-1/INFO]: Preparing spawn area: 0%
[04:32:30] [Worker-Main-1/INFO]: Preparing spawn area: 0%
[04:32:30] [Worker-Main-1/INFO]: Preparing spawn area: 0%
[04:32:31] [Worker-Main-1/INFO]: Preparing spawn area: 0%
[04:32:31] [Worker-Main-1/INFO]: Preparing spawn area: 0%
[04:32:32] [Worker-Main-1/INFO]: Preparing spawn area: 0%
[04:32:32] [Worker-Main-1/INFO]: Preparing spawn area: 0%
[04:32:33] [Worker-Main-1/INFO]: Preparing spawn area: 0%
[04:32:33] [Worker-Main-1/INFO]: Preparing spawn area: 0%
[04:32:34] [Worker-Main-1/INFO]: Preparing spawn area: 0%
[04:32:34] [Worker-Main-1/INFO]: Preparing spawn area: 0%
[04:32:35] [Worker-Main-1/INFO]: Preparing spawn area: 0%
[04:32:35] [Worker-Main-1/INFO]: Preparing spawn area: 0%
[04:32:36] [Worker-Main-1/INFO]: Preparing spawn area: 0%
[04:32:36] [Worker-Main-1/INFO]: Preparing spawn area: 0%
[04:32:37] [Worker-Main-1/INFO]: Preparing spawn area: 0%
[04:32:37] [Worker-Main-1/INFO]: Preparing spawn area: 0%
[04:32:38] [Worker-Main-1/INFO]: Preparing spawn area: 0%
[04:32:38] [Worker-Main-1/INFO]: Preparing spawn area: 0%
[04:32:39] [Worker-Main-1/INFO]: Preparing spawn area: 0%
[04:32:39] [Worker-Main-1/INFO]: Preparing spawn area: 0%
[04:32:40] [Worker-Main-1/INFO]: Preparing spawn area: 0%
[04:32:40] [Worker-Main-1/INFO]: Preparing spawn area: 0%
[04:32:41] [Worker-Main-1/INFO]: Preparing spawn area: 0%
[04:32:41] [Worker-Main-1/INFO]: Preparing spawn area: 0%
[04:32:42] [Worker-Main-1/INFO]: Preparing spawn area: 0%
[04:32:42] [Worker-Main-1/INFO]: Preparing spawn area: 0%
[04:32:43] [Worker-Main-1/INFO]: Preparing spawn area: 0%
[04:32:43] [Worker-Main-1/INFO]: Preparing spawn area: 0%
[04:32:44] [Worker-Main-1/INFO]: Preparing spawn area: 0%
[04:32:44] [Worker-Main-1/INFO]: Preparing spawn area: 0%
[04:32:45] [Worker-Main-1/INFO]: Preparing spawn area: 0%
[04:32:45] [Worker-Main-1/INFO]: Preparing spawn area: 0%
[04:32:46] [Worker-Main-1/INFO]: Preparing spawn area: 0%
[04:32:46] [Worker-Main-1/INFO]: Preparing spawn area: 0%
[04:32:47] [Worker-Main-1/INFO]: Preparing spawn area: 0%
[04:32:47] [Worker-Main-1/INFO]: Preparing spawn area: 0%
[04:32:48] [Worker-Main-1/INFO]: Preparing spawn area: 0%
[04:32:48] [Worker-Main-1/INFO]: Preparing spawn area: 0%
[04:32:49] [Worker-Main-1/INFO]: Preparing spawn area: 0%
[04:32:49] [Worker-Main-1/INFO]: Preparing spawn area: 0%
[04:32:50] [Worker-Main-1/INFO]: Preparing spawn area: 0%
[04:32:50] [Worker-Main-1/INFO]: Preparing spawn area: 0%
[04:32:51] [Worker-Main-1/INFO]: Preparing spawn area: 0%
[04:32:51] [Worker-Main-1/INFO]: Preparing spawn area: 0%
[04:32:52] [Worker-Main-1/INFO]: Preparing spawn area: 0%
[04:32:52] [Worker-Main-1/INFO]: Preparing spawn area: 0%
[04:32:53] [Worker-Main-1/INFO]: Preparing spawn area: 0%
[04:32:53] [Worker-Main-1/INFO]: Preparing spawn area: 0%
[04:32:54] [Worker-Main-1/INFO]: Preparing spawn area: 0%
[04:32:54] [Worker-Main-1/INFO]: Preparing spawn area: 0%
[04:32:55] [Worker-Main-1/INFO]: Preparing spawn area: 0%
[04:32:55] [Worker-Main-1/INFO]: Preparing spawn area: 0%
[04:32:56] [Worker-Main-1/INFO]: Preparing spawn area: 0%
[04:32:56] [Worker-Main-1/INFO]: Preparing spawn area: 0%
[04:32:57] [Worker-Main-1/INFO]: Preparing spawn area: 0%
[04:32:58] [Worker-Main-1/INFO]: Preparing spawn area: 0%
[04:32:58] [Worker-Main-1/INFO]: Preparing spawn area: 0%
[04:32:58] [Worker-Main-1/INFO]: Preparing spawn area: 0%
[04:32:59] [Worker-Main-1/INFO]: Preparing spawn area: 0%
[04:32:59] [Worker-Main-1/INFO]: Preparing spawn area: 0%
[04:33:00] [Worker-Main-1/INFO]: Preparing spawn area: 0%
[04:33:00] [Worker-Main-1/INFO]: Preparing spawn area: 0%
[04:33:01] [Worker-Main-1/INFO]: Preparing spawn area: 0%
[04:33:02] [Worker-Main-1/INFO]: Preparing spawn area: 0%
[04:33:02] [Worker-Main-1/INFO]: Preparing spawn area: 9%
[04:33:03] [Worker-Main-1/INFO]: Preparing spawn area: 20%
[04:33:03] [Worker-Main-1/INFO]: Preparing spawn area: 78%
[04:33:04] [Worker-Main-1/INFO]: Preparing spawn area: 83%
[04:33:05] [Server thread/INFO]: Time elapsed: 50417 ms
[04:33:05] [Server thread/INFO]: Done (68.093s)! For help, type "help"
[04:33:08] [Server thread/WARN]: Can't keep up! Is the server overloaded? Running 2009ms or 40 ticks behind
[04:37:27] [Server thread/INFO]: Pablo_XD240[/127.25.254.3:48461] logged in with entity id 339 at (-9.5, 67.0, 15.5)
[04:37:27] [Server thread/INFO]: Pablo_XD240 joined the game
[04:40:24] [Server thread/INFO]: tomassssssss[/127.55.92.23:47457] logged in with entity id 1181 at (-19.5, 69.0, 9.5)
[04:40:24] [Server thread/INFO]: tomassssssss joined the game
[04:40:59] [Server thread/INFO]: Made Pablo_XD240 a server operator
[04:41:04] [Server thread/INFO]: tomassssssss lost connection: Disconnected
[04:41:04] [Server thread/INFO]: tomassssssss left the game
[04:41:06] [Server thread/INFO]: [Pablo_XD240: Set own game mode to Creative Mode]
[04:41:22] [Server thread/INFO]: Pablo_XD240 lost connection: Disconnected
[04:41:22] [Server thread/INFO]: Pablo_XD240 left the game
